#
# A fatal error has been detected by the Java Runtime Environment:
#
#  EXCEPTION_ACCESS_VIOLATION (0xc0000005) at pc=0x00007ffd2eefaa00, pid=200, tid=13056
#
# JRE version: OpenJDK Runtime Environment (11.0.2+9) (build 11.0.2+9)
# Java VM: OpenJDK 64-Bit Server VM (11.0.2+9, mixed mode, tiered, compressed oops, parallel gc, windows-amd64)
# Problematic frame:
# V  [jvm.dll+0x38aa00]
#
# No core dump will be written. Minidumps are not enabled by default on client versions of Windows
#
# If you would like to submit a bug report, please visit:
#   http://bugreport.java.com/bugreport/crash.jsp
#

---------------  S U M M A R Y ------------

Command Line: --add-modules=ALL-SYSTEM --add-opens=java.base/java.util=ALL-UNNAMED --add-opens=java.base/java.lang=ALL-UNNAMED -Declipse.application=org.eclipse.jdt.ls.core.id1 -Dosgi.bundles.defaultStartLevel=4 -Declipse.product=org.eclipse.jdt.ls.core.product -Dfile.encoding=utf8 -DwatchParentProcess=false -XX:+UseParallelGC -XX:GCTimeRatio=4 -XX:AdaptiveSizePolicyWeight=90 -Dsun.zip.disableMemoryMapping=true -Xmx1G -Xms100m -Xverify:none c:\Users\Hp\.vscode\extensions\redhat.java-0.79.1\server\plugins\org.eclipse.equinox.launcher_1.6.100.v20201223-0822.jar -configuration c:\Users\Hp\AppData\Roaming\Code\User\globalStorage\redhat.java\0.79.1\config_ss_win -data c:\Users\Hp\AppData\Roaming\Code\User\workspaceStorage\528d2fe884e74f957c96a5664838e5d2\redhat.java\ss_ws

Host: AMD A8-6410 APU with AMD Radeon R5 Graphics    , 4 cores, 3G,  Windows 10 , 64 bit Build 19041 (10.0.19041.1023)
Time: Sun Jun 27 14:30:37 2021 Hora oficial do Brasil elapsed time: 149 seconds (0d 0h 2m 29s)

---------------  T H R E A D  ---------------

Current thread (0x000002435a768000):  JavaThread "pool-1-thread-1" [_thread_in_vm, id=13056, stack(0x0000008aa6300000,0x0000008aa6400000)]

Stack: [0x0000008aa6300000,0x0000008aa6400000],  sp=0x0000008aa63fd780,  free space=1013k
Native frames: (J=compiled Java code, j=interpreted, Vv=VM code, C=native code)
V  [jvm.dll+0x38aa00]
C  0x000002434701d657

Java frames: (J=compiled Java code, j=interpreted, Vv=VM code)
j  org.eclipse.jdt.internal.compiler.parser.Scanner.getNextToken0()I+93
j  org.eclipse.jdt.internal.compiler.parser.Scanner.getNextToken()I+47
j  org.eclipse.jdt.internal.compiler.parser.Parser.parse()V+332
j  org.eclipse.jdt.internal.compiler.parser.Parser.parse(Lorg/eclipse/jdt/internal/compiler/env/ICompilationUnit;Lorg/eclipse/jdt/internal/compiler/CompilationResult;II)Lorg/eclipse/jdt/internal/compiler/ast/CompilationUnitDeclaration;+178
j  org.eclipse.jdt.internal.compiler.parser.Parser.parse(Lorg/eclipse/jdt/internal/compiler/env/ICompilationUnit;Lorg/eclipse/jdt/internal/compiler/CompilationResult;)Lorg/eclipse/jdt/internal/compiler/ast/CompilationUnitDeclaration;+5
j  org.eclipse.jdt.internal.compiler.parser.Parser.dietParse(Lorg/eclipse/jdt/internal/compiler/env/ICompilationUnit;Lorg/eclipse/jdt/internal/compiler/CompilationResult;)Lorg/eclipse/jdt/internal/compiler/ast/CompilationUnitDeclaration;+25
j  org.eclipse.jdt.core.dom.CompilationUnitResolver.parse(Lorg/eclipse/jdt/internal/compiler/env/ICompilationUnit;Lorg/eclipse/jdt/core/dom/NodeSearcher;Ljava/util/Map;I)Lorg/eclipse/jdt/internal/compiler/ast/CompilationUnitDeclaration;+117
j  org.eclipse.jdt.core.dom.ASTParser.internalCreateAST(Lorg/eclipse/core/runtime/IProgressMonitor;)Lorg/eclipse/jdt/core/dom/ASTNode;+914
j  org.eclipse.jdt.core.dom.ASTParser.createAST(Lorg/eclipse/core/runtime/IProgressMonitor;)Lorg/eclipse/jdt/core/dom/ASTNode;+38
j  org.eclipse.jdt.ls.core.internal.JDTUtils.getPackageName(Lorg/eclipse/jdt/core/IJavaProject;Ljava/lang/String;)Ljava/lang/String;+36
j  org.eclipse.jdt.ls.core.internal.JDTUtils.getPackageName(Lorg/eclipse/jdt/core/IJavaProject;Ljava/net/URI;)Ljava/lang/String;+194
j  org.eclipse.jdt.ls.core.internal.managers.InvisibleProjectImporter.getPackageName(Lorg/eclipse/core/runtime/IPath;Lorg/eclipse/core/runtime/IPath;Lorg/eclipse/jdt/core/IJavaProject;[[Ljava/lang/String;)Ljava/lang/String;+60
j  org.eclipse.jdt.ls.core.internal.managers.InvisibleProjectImporter.getPackageName(Lorg/eclipse/core/runtime/IPath;Lorg/eclipse/core/runtime/IPath;[[Ljava/lang/String;)Ljava/lang/String;+36
j  org.eclipse.jdt.ls.core.internal.managers.InvisibleProjectImporter.tryResolveSourceDirectory(Lorg/eclipse/core/runtime/IPath;Lorg/eclipse/core/runtime/IPath;[[Ljava/lang/String;)Lorg/eclipse/core/runtime/IPath;+3
j  org.eclipse.jdt.ls.core.internal.syntaxserver.SyntaxDocumentLifeCycleHandler.tryUpdateClasspath(Lorg/eclipse/core/runtime/IPath;Lorg/eclipse/core/runtime/IPath;)Z+51
j  org.eclipse.jdt.ls.core.internal.syntaxserver.SyntaxDocumentLifeCycleHandler.resolveCompilationUnit(Ljava/lang/String;)Lorg/eclipse/jdt/core/ICompilationUnit;+82
j  org.eclipse.jdt.ls.core.internal.handlers.BaseDocumentLifeCycleHandler.handleOpen(Lorg/eclipse/lsp4j/DidOpenTextDocumentParams;)Lorg/eclipse/jdt/core/ICompilationUnit;+10
j  org.eclipse.jdt.ls.core.internal.handlers.BaseDocumentLifeCycleHandler$5.run(Lorg/eclipse/core/runtime/IProgressMonitor;)V+8
j  org.eclipse.core.internal.resources.Workspace.run(Lorg/eclipse/core/runtime/ICoreRunnable;Lorg/eclipse/core/runtime/jobs/ISchedulingRule;ILorg/eclipse/core/runtime/IProgressMonitor;)V+69
j  org.eclipse.core.internal.resources.Workspace.run(Lorg/eclipse/core/resources/IWorkspaceRunnable;Lorg/eclipse/core/runtime/jobs/ISchedulingRule;ILorg/eclipse/core/runtime/IProgressMonitor;)V+6
j  org.eclipse.jdt.ls.core.internal.handlers.BaseDocumentLifeCycleHandler.didOpen(Lorg/eclipse/lsp4j/DidOpenTextDocumentParams;)V+32
j  org.eclipse.jdt.ls.core.internal.syntaxserver.SyntaxLanguageServer.didOpen(Lorg/eclipse/lsp4j/DidOpenTextDocumentParams;)V+11
v  ~StubRoutines::call_stub
j  jdk.internal.reflect.NativeMethodAccessorImpl.invoke0(Ljava/lang/reflect/Method;Ljava/lang/Object;[Ljava/lang/Object;)Ljava/lang/Object;+0 java.base@11.0.2
j  jdk.internal.reflect.NativeMethodAccessorImpl.invoke(Ljava/lang/Object;[Ljava/lang/Object;)Ljava/lang/Object;+100 java.base@11.0.2
J 932 c1 jdk.internal.reflect.DelegatingMethodAccessorImpl.invoke(Ljava/lang/Object;[Ljava/lang/Object;)Ljava/lang/Object; java.base@11.0.2 (10 bytes) @ 0x0000024347728d5c [0x0000024347728c60+0x00000000000000fc]
J 931 c1 java.lang.reflect.Method.invoke(Ljava/lang/Object;[Ljava/lang/Object;)Ljava/lang/Object; java.base@11.0.2 (65 bytes) @ 0x000002434772874c [0x0000024347728420+0x000000000000032c]
j  org.eclipse.lsp4j.jsonrpc.services.GenericEndpoint.lambda$null$0(Lorg/eclipse/lsp4j/jsonrpc/services/AnnotationUtil$MethodInfo;Ljava/lang/Object;Ljava/lang/Object;)Ljava/util/concurrent/CompletableFuture;+20
j  org.eclipse.lsp4j.jsonrpc.services.GenericEndpoint$$Lambda$129.apply(Ljava/lang/Object;)Ljava/lang/Object;+13
j  org.eclipse.lsp4j.jsonrpc.services.GenericEndpoint.notify(Ljava/lang/String;Ljava/lang/Object;)V+18
j  org.eclipse.lsp4j.jsonrpc.RemoteEndpoint.handleNotification(Lorg/eclipse/lsp4j/jsonrpc/messages/NotificationMessage;)V+20
j  org.eclipse.lsp4j.jsonrpc.RemoteEndpoint.consume(Lorg/eclipse/lsp4j/jsonrpc/messages/Message;)V+14
j  org.eclipse.lsp4j.jsonrpc.json.StreamMessageProducer.handleMessage(Ljava/io/InputStream;Lorg/eclipse/lsp4j/jsonrpc/json/StreamMessageProducer$Headers;)Z+99
j  org.eclipse.lsp4j.jsonrpc.json.StreamMessageProducer.listen(Lorg/eclipse/lsp4j/jsonrpc/MessageConsumer;)V+158
j  org.eclipse.lsp4j.jsonrpc.json.ConcurrentMessageProcessor.run()V+12
j  java.util.concurrent.Executors$RunnableAdapter.call()Ljava/lang/Object;+4 java.base@11.0.2
j  java.util.concurrent.FutureTask.run()V+39 java.base@11.0.2
j  java.util.concurrent.ThreadPoolExecutor.runWorker(Ljava/util/concurrent/ThreadPoolExecutor$Worker;)V+92 java.base@11.0.2
j  java.util.concurrent.ThreadPoolExecutor$Worker.run()V+5 java.base@11.0.2
j  java.lang.Thread.run()V+11 java.base@11.0.2
v  ~StubRoutines::call_stub

siginfo: EXCEPTION_ACCESS_VIOLATION (0xc0000005), reading address 0x00000000ecbc2034


Register to memory mapping:

RIP=0x00007ffd2eefaa00 jvm.dll
RAX=0x000000000000000c is an unknown value
RBX=0x00000000000013c3 is an unknown value
RCX=0x0000008aa63fd7b0 is pointing into the stack for thread: 0x000002435a768000
RDX=0x00007ffd2f3c42b8 jvm.dll
RSP=0x0000008aa63fd780 is pointing into the stack for thread: 0x000002435a768000
RBP=0x000002435abae1b0 points into unknown readable memory: 00 00 00 00 00 00 00 00
RSI=0x000002435b41dde0 points into unknown readable memory: 02 00 00 00 2f 53 74 72
RDI=0x000002435a768000 is a thread
R8 =0x00000000000013c3 is an unknown value
R9 =0x0000000000000006 is an unknown value
R10=0x000002435b405870 points into unknown readable memory: 05 00 00 00 3c 00 00 00
R11=0x0000008aa63fd770 is pointing into the stack for thread: 0x000002435a768000
R12=0x00000000ecbc2028 is an unallocated location in the heap
R13=0x00000000000003d8 is an unknown value
R14=0x000002435abae1c0 points into unknown readable memory: f0 a3 3c 2f fd 7f 00 00
R15=0x000002435abae598 points into unknown readable memory: d0 6c 83 a6 00 06 00 80


Registers:
RAX=0x000000000000000c, RBX=0x00000000000013c3, RCX=0x0000008aa63fd7b0, RDX=0x00007ffd2f3c42b8
RSP=0x0000008aa63fd780, RBP=0x000002435abae1b0, RSI=0x000002435b41dde0, RDI=0x000002435a768000
R8 =0x00000000000013c3, R9 =0x0000000000000006, R10=0x000002435b405870, R11=0x0000008aa63fd770
R12=0x00000000ecbc2028, R13=0x00000000000003d8, R14=0x000002435abae1c0, R15=0x000002435abae598
RIP=0x00007ffd2eefaa00, EFLAGS=0x0000000000010202

Top of Stack: (sp=0x0000008aa63fd780)
0x0000008aa63fd780:   00000000000013c3 000000000000000d
0x0000008aa63fd790:   000002435a7a8570 00000000000013bb
0x0000008aa63fd7a0:   000002435ab4f5b0 00000000ffffffff
0x0000008aa63fd7b0:   00007ffd2f3c40a8 0000005000000000
0x0000008aa63fd7c0:   0000000000000000 0000000000000000
0x0000008aa63fd7d0:   0000000000000000 0000000000000000
0x0000008aa63fd7e0:   0000000000000000 000002435abae1c0
0x0000008aa63fd7f0:   0000000000000000 0000000000000100
0x0000008aa63fd800:   0000008aa63fd800 000002435d749e98
0x0000008aa63fd810:   000002435a768000 0000008aa63fd938
0x0000008aa63fd820:   000002435d746015 0000000000000004
0x0000008aa63fd830:   00000000000013c3 000002434701d657
0x0000008aa63fd840:   000002435a768000 0000008aa63fd8b8
0x0000008aa63fd850:   000000000000000d 0000000000000000
0x0000008aa63fd860:   00000000ecbc2028 000002434701d611
0x0000008aa63fd870:   0000008aa63fd870 000002435d746015 

Instructions: (pc=0x00007ffd2eefaa00)
0x00007ffd2eefa9e0:   95 6c 00 00 48 8d 15 cd 98 4c 00 b9 0c 00 00 00
0x00007ffd2eefa9f0:   b8 10 00 00 00 0f 45 c1 44 8b c3 48 8d 4c 24 30
0x00007ffd2eefaa00:   46 8b 0c 20 e8 a7 be 2a 00 48 8b 1d a0 fa 6f 00
0x00007ffd2eefaa10:   48 8d 4c 24 30 e8 56 af 2a 00 4c 8b cb 48 89 44 


Stack slot to memory mapping:
stack at sp + 0 slots: 0x00000000000013c3 is an unknown value
stack at sp + 1 slots: 0x000000000000000d is an unknown value
stack at sp + 2 slots: 0x000002435a7a8570 points into unknown readable memory: 00 00 00 00 00 00 00 00
stack at sp + 3 slots: 0x00000000000013bb is an unknown value
stack at sp + 4 slots: 0x000002435ab4f5b0 points into unknown readable memory: 70 85 7a 5a 43 02 00 00
stack at sp + 5 slots: 0x00000000ffffffff is an unallocated location in the heap
stack at sp + 6 slots: 0x00007ffd2f3c40a8 jvm.dll
stack at sp + 7 slots: 0x0000005000000000 is an unknown value


---------------  P R O C E S S  ---------------

Threads class SMR info:
_java_thread_list=0x000002435ada2680, length=18, elements={
0x000002433ecbf800, 0x0000024359120000, 0x0000024359122000, 0x000002435a302800,
0x000002435913d000, 0x0000024359140000, 0x0000024359142000, 0x0000024359144800,
0x000002435a41a000, 0x000002435a52f800, 0x000002435abbb000, 0x000002435a736000,
0x000002435a738800, 0x000002435ad90800, 0x000002435a83a800, 0x000002435b60f000,
0x000002435a768000, 0x000002435a6b4000
}

Java Threads: ( => current thread )
  0x000002433ecbf800 JavaThread "main" [_thread_blocked, id=1036, stack(0x0000008aa4b00000,0x0000008aa4c00000)]
  0x0000024359120000 JavaThread "Reference Handler" daemon [_thread_blocked, id=13712, stack(0x0000008aa4e00000,0x0000008aa4f00000)]
  0x0000024359122000 JavaThread "Finalizer" daemon [_thread_blocked, id=3892, stack(0x0000008aa4f00000,0x0000008aa5000000)]
  0x000002435a302800 JavaThread "Signal Dispatcher" daemon [_thread_blocked, id=14292, stack(0x0000008aa5000000,0x0000008aa5100000)]
  0x000002435913d000 JavaThread "Attach Listener" daemon [_thread_blocked, id=7672, stack(0x0000008aa5100000,0x0000008aa5200000)]
  0x0000024359140000 JavaThread "C2 CompilerThread0" daemon [_thread_blocked, id=6476, stack(0x0000008aa5200000,0x0000008aa5300000)]
  0x0000024359142000 JavaThread "C1 CompilerThread0" daemon [_thread_blocked, id=2840, stack(0x0000008aa5300000,0x0000008aa5400000)]
  0x0000024359144800 JavaThread "Sweeper thread" daemon [_thread_blocked, id=9780, stack(0x0000008aa5400000,0x0000008aa5500000)]
  0x000002435a41a000 JavaThread "Common-Cleaner" daemon [_thread_blocked, id=5600, stack(0x0000008aa5500000,0x0000008aa5600000)]
  0x000002435a52f800 JavaThread "Service Thread" daemon [_thread_blocked, id=12160, stack(0x0000008aa5600000,0x0000008aa5700000)]
  0x000002435abbb000 JavaThread "Active Thread: Equinox Container: 53608c82-3751-46c0-8556-359bd41a3874" [_thread_blocked, id=6368, stack(0x0000008aa5900000,0x0000008aa5a00000)]
  0x000002435a736000 JavaThread "Framework Event Dispatcher: Equinox Container: 53608c82-3751-46c0-8556-359bd41a3874" daemon [_thread_blocked, id=5972, stack(0x0000008aa5a00000,0x0000008aa5b00000)]
  0x000002435a738800 JavaThread "Start Level: Equinox Container: 53608c82-3751-46c0-8556-359bd41a3874" daemon [_thread_blocked, id=12692, stack(0x0000008aa5b00000,0x0000008aa5c00000)]
  0x000002435ad90800 JavaThread "SCR Component Actor" daemon [_thread_blocked, id=13396, stack(0x0000008aa5800000,0x0000008aa5900000)]
  0x000002435a83a800 JavaThread "Worker-JM" [_thread_blocked, id=6444, stack(0x0000008aa6000000,0x0000008aa6100000)]
  0x000002435b60f000 JavaThread "Worker-0" [_thread_blocked, id=10964, stack(0x0000008aa6100000,0x0000008aa6200000)]
=>0x000002435a768000 JavaThread "pool-1-thread-1" [_thread_in_vm, id=13056, stack(0x0000008aa6300000,0x0000008aa6400000)]
  0x000002435a6b4000 JavaThread "Worker-2" [_thread_blocked, id=12720, stack(0x0000008aa5f00000,0x0000008aa6000000)]

Other Threads:
  0x0000024359057000 VMThread "VM Thread" [stack: 0x0000008aa4d00000,0x0000008aa4e00000] [id=13180]
  0x000002435a530800 WatcherThread [stack: 0x0000008aa5700000,0x0000008aa5800000] [id=13104]
  0x000002433ecd5800 GCTaskThread "ParGC Thread#0" [stack: 0x0000008aa4c00000,0x0000008aa4d00000] [id=2200]
  0x0000024359171000 GCTaskThread "ParGC Thread#1" [stack: 0x0000008aa5c00000,0x0000008aa5d00000] [id=11832]
  0x000002435a8fc000 GCTaskThread "ParGC Thread#2" [stack: 0x0000008aa5d00000,0x0000008aa5e00000] [id=9488]
  0x000002435a8fd000 GCTaskThread "ParGC Thread#3" [stack: 0x0000008aa5e00000,0x0000008aa5f00000] [id=11720]

Threads with active compile tasks:

VM state:not at safepoint (normal execution)

VM Mutex/Monitor currently owned by a thread: None

Heap address: 0x00000000c0000000, size: 1024 MB, Compressed Oops mode: 32-bit
Narrow klass base: 0x0000000000000000, Narrow klass shift: 3
Compressed class space size: 1073741824 Address: 0x0000000100000000

Heap:
 PSYoungGen      total 23040K, used 0K [0x00000000eab00000, 0x00000000eca00000, 0x0000000100000000)
  eden space 22528K, 0% used [0x00000000eab00000,0x00000000eab00000,0x00000000ec100000)
  from space 512K, 0% used [0x00000000ec300000,0x00000000ec300000,0x00000000ec380000)
  to   space 2560K, 0% used [0x00000000ec780000,0x00000000ec780000,0x00000000eca00000)
 ParOldGen       total 68608K, used 24524K [0x00000000c0000000, 0x00000000c4300000, 0x00000000eab00000)
  object space 68608K, 35% used [0x00000000c0000000,0x00000000c17f3218,0x00000000c4300000)
 Metaspace       used 33579K, capacity 35410K, committed 35496K, reserved 1081344K
  class space    used 3155K, capacity 3837K, committed 3840K, reserved 1048576K

Card table byte_map: [0x0000024356200000,0x0000024356410000] _byte_map_base: 0x0000024355c00000

Marking Bits: (ParMarkBitMap*) 0x00007ffd2f5db9c0
 Begin Bits: [0x0000024356570000, 0x0000024357570000)
 End Bits:   [0x0000024357570000, 0x0000024358570000)

Polling page: 0x000002433eda0000

Metaspace:

Usage:
  Non-class:     30.83 MB capacity,    29.71 MB ( 96%) used,     1.06 MB (  3%) free+waste,    67.94 KB ( <1%) overhead. 
      Class:      3.75 MB capacity,     3.08 MB ( 82%) used,   649.36 KB ( 17%) free+waste,    32.38 KB ( <1%) overhead. 
       Both:     34.58 MB capacity,    32.79 MB ( 95%) used,     1.69 MB (  5%) free+waste,   100.31 KB ( <1%) overhead. 

Virtual space:
  Non-class space:       32.00 MB reserved,      30.91 MB ( 97%) committed 
      Class space:        1.00 GB reserved,       3.75 MB ( <1%) committed 
             Both:        1.03 GB reserved,      34.66 MB (  3%) committed 

Chunk freelists:
   Non-Class:  3.38 KB
       Class:  384 bytes
        Both:  3.75 KB

CodeHeap 'non-profiled nmethods': size=120064Kb used=1335Kb max_used=1335Kb free=118729Kb
 bounds [0x000002434ead0000, 0x000002434ed40000, 0x0000024356010000]
CodeHeap 'profiled nmethods': size=120000Kb used=6842Kb max_used=6842Kb free=113157Kb
 bounds [0x00000243475a0000, 0x0000024347c60000, 0x000002434ead0000]
CodeHeap 'non-nmethods': size=5696Kb used=1197Kb max_used=1218Kb free=4498Kb
 bounds [0x0000024347010000, 0x0000024347280000, 0x00000243475a0000]
 total_blobs=4648 nmethods=3085 adapters=465
 compilation: enabled
              stopped_count=0, restarted_count=0
 full_count=0

Compilation events (10 events):
Event: 148.256 Thread 0x0000024359142000 3369       3       org.eclipse.jdt.internal.compiler.problem.DefaultProblemFactory::keyFromID (4 bytes)
Event: 148.256 Thread 0x0000024359142000 nmethod 3369 0x0000024347c46690 code [0x0000024347c46840, 0x0000024347c46978]
Event: 148.256 Thread 0x0000024359142000 3366       3       sun.util.ResourceBundleEnumeration::nextElement (5 bytes)
Event: 148.257 Thread 0x0000024359142000 nmethod 3366 0x0000024347c46a10 code [0x0000024347c46be0, 0x0000024347c46ec0]
Event: 148.330 Thread 0x0000024359140000 nmethod 3363 0x000002434ec1b190 code [0x000002434ec1b380, 0x000002434ec1bfd8]
Event: 148.330 Thread 0x0000024359140000 3358 % !   4       java.util.concurrent.ConcurrentHashMap::transfer @ 96 (828 bytes)
Event: 148.373 Thread 0x0000024359140000 nmethod 3358% 0x000002434ec1c690 code [0x000002434ec1c860, 0x000002434ec1d408]
Event: 148.499 Thread 0x0000024359142000 3370       3       org.eclipse.jdt.core.compiler.CharOperation::isWhitespace (23 bytes)
Event: 148.500 Thread 0x0000024359142000 nmethod 3370 0x0000024347c47010 code [0x0000024347c471c0, 0x0000024347c473d8]
Event: 148.500 Thread 0x0000024359142000 3371       3       org.eclipse.jdt.internal.compiler.parser.Scanner::internalScanIdentifierOrKeyword (4733 bytes)

GC Heap History (10 events):
Event: 15.729 GC heap before
{Heap before GC invocations=9 (full 1):
 PSYoungGen      total 30720K, used 30695K [0x00000000eab00000, 0x00000000ed480000, 0x0000000100000000)
  eden space 24064K, 100% used [0x00000000eab00000,0x00000000ec280000,0x00000000ec280000)
  from space 6656K, 99% used [0x00000000ec380000,0x00000000ec9f9f78,0x00000000eca00000)
  to   space 9216K, 0% used [0x00000000ecb80000,0x00000000ecb80000,0x00000000ed480000)
 ParOldGen       total 68608K, used 11126K [0x00000000c0000000, 0x00000000c4300000, 0x00000000eab00000)
  object space 68608K, 16% used [0x00000000c0000000,0x00000000c0addb40,0x00000000c4300000)
 Metaspace       used 31257K, capacity 32876K, committed 32944K, reserved 1079296K
  class space    used 2982K, capacity 3542K, committed 3584K, reserved 1048576K
}
Event: 15.806 GC heap after
{Heap after GC invocations=9 (full 1):
 PSYoungGen      total 30720K, used 7058K [0x00000000eab00000, 0x00000000ed280000, 0x0000000100000000)
  eden space 23552K, 0% used [0x00000000eab00000,0x00000000eab00000,0x00000000ec200000)
  from space 7168K, 98% used [0x00000000ecb80000,0x00000000ed264b28,0x00000000ed280000)
  to   space 7680K, 0% used [0x00000000ec380000,0x00000000ec380000,0x00000000ecb00000)
 ParOldGen       total 68608K, used 12982K [0x00000000c0000000, 0x00000000c4300000, 0x00000000eab00000)
  object space 68608K, 18% used [0x00000000c0000000,0x00000000c0cadae0,0x00000000c4300000)
 Metaspace       used 31257K, capacity 32876K, committed 32944K, reserved 1079296K
  class space    used 2982K, capacity 3542K, committed 3584K, reserved 1048576K
}
Event: 16.153 GC heap before
{Heap before GC invocations=10 (full 1):
 PSYoungGen      total 30720K, used 30610K [0x00000000eab00000, 0x00000000ed280000, 0x0000000100000000)
  eden space 23552K, 100% used [0x00000000eab00000,0x00000000ec200000,0x00000000ec200000)
  from space 7168K, 98% used [0x00000000ecb80000,0x00000000ed264b28,0x00000000ed280000)
  to   space 7680K, 0% used [0x00000000ec380000,0x00000000ec380000,0x00000000ecb00000)
 ParOldGen       total 68608K, used 12982K [0x00000000c0000000, 0x00000000c4300000, 0x00000000eab00000)
  object space 68608K, 18% used [0x00000000c0000000,0x00000000c0cadae0,0x00000000c4300000)
 Metaspace       used 31257K, capacity 32876K, committed 32944K, reserved 1079296K
  class space    used 2982K, capacity 3542K, committed 3584K, reserved 1048576K
}
Event: 16.175 GC heap after
{Heap after GC invocations=10 (full 1):
 PSYoungGen      total 29184K, used 6016K [0x00000000eab00000, 0x00000000ece80000, 0x0000000100000000)
  eden space 23040K, 0% used [0x00000000eab00000,0x00000000eab00000,0x00000000ec180000)
  from space 6144K, 97% used [0x00000000ec380000,0x00000000ec960010,0x00000000ec980000)
  to   space 5120K, 0% used [0x00000000ec980000,0x00000000ec980000,0x00000000ece80000)
 ParOldGen       total 68608K, used 16041K [0x00000000c0000000, 0x00000000c4300000, 0x00000000eab00000)
  object space 68608K, 23% used [0x00000000c0000000,0x00000000c0faa5f8,0x00000000c4300000)
 Metaspace       used 31257K, capacity 32876K, committed 32944K, reserved 1079296K
  class space    used 2982K, capacity 3542K, committed 3584K, reserved 1048576K
}
Event: 148.151 GC heap before
{Heap before GC invocations=11 (full 1):
 PSYoungGen      total 29184K, used 29051K [0x00000000eab00000, 0x00000000ece80000, 0x0000000100000000)
  eden space 23040K, 99% used [0x00000000eab00000,0x00000000ec17ef90,0x00000000ec180000)
  from space 6144K, 97% used [0x00000000ec380000,0x00000000ec960010,0x00000000ec980000)
  to   space 5120K, 0% used [0x00000000ec980000,0x00000000ec980000,0x00000000ece80000)
 ParOldGen       total 68608K, used 16041K [0x00000000c0000000, 0x00000000c4300000, 0x00000000eab00000)
  object space 68608K, 23% used [0x00000000c0000000,0x00000000c0faa5f8,0x00000000c4300000)
 Metaspace       used 32586K, capacity 34450K, committed 34736K, reserved 1081344K
  class space    used 3080K, capacity 3773K, committed 3840K, reserved 1048576K
}
Event: 148.166 GC heap after
{Heap after GC invocations=11 (full 1):
 PSYoungGen      total 27136K, used 4565K [0x00000000eab00000, 0x00000000ece00000, 0x0000000100000000)
  eden space 22528K, 0% used [0x00000000eab00000,0x00000000eab00000,0x00000000ec100000)
  from space 4608K, 99% used [0x00000000ec980000,0x00000000ecdf5758,0x00000000ece00000)
  to   space 5632K, 0% used [0x00000000ec300000,0x00000000ec300000,0x00000000ec880000)
 ParOldGen       total 68608K, used 20009K [0x00000000c0000000, 0x00000000c4300000, 0x00000000eab00000)
  object space 68608K, 29% used [0x00000000c0000000,0x00000000c138a608,0x00000000c4300000)
 Metaspace       used 32586K, capacity 34450K, committed 34736K, reserved 1081344K
  class space    used 3080K, capacity 3773K, committed 3840K, reserved 1048576K
}
Event: 148.502 GC heap before
{Heap before GC invocations=12 (full 1):
 PSYoungGen      total 27136K, used 7390K [0x00000000eab00000, 0x00000000ece00000, 0x0000000100000000)
  eden space 22528K, 12% used [0x00000000eab00000,0x00000000eadc2460,0x00000000ec100000)
  from space 4608K, 99% used [0x00000000ec980000,0x00000000ecdf5758,0x00000000ece00000)
  to   space 5632K, 0% used [0x00000000ec300000,0x00000000ec300000,0x00000000ec880000)
 ParOldGen       total 68608K, used 20009K [0x00000000c0000000, 0x00000000c4300000, 0x00000000eab00000)
  object space 68608K, 29% used [0x00000000c0000000,0x00000000c138a608,0x00000000c4300000)
 Metaspace       used 33579K, capacity 35410K, committed 35496K, reserved 1081344K
  class space    used 3155K, capacity 3837K, committed 3840K, reserved 1048576K
}
Event: 148.519 GC heap after
{Heap after GC invocations=12 (full 1):
 PSYoungGen      total 23040K, used 432K [0x00000000eab00000, 0x00000000eca00000, 0x0000000100000000)
  eden space 22528K, 0% used [0x00000000eab00000,0x00000000eab00000,0x00000000ec100000)
  from space 512K, 84% used [0x00000000ec300000,0x00000000ec36c218,0x00000000ec380000)
  to   space 2560K, 0% used [0x00000000ec780000,0x00000000ec780000,0x00000000eca00000)
 ParOldGen       total 68608K, used 24516K [0x00000000c0000000, 0x00000000c4300000, 0x00000000eab00000)
  object space 68608K, 35% used [0x00000000c0000000,0x00000000c17f1360,0x00000000c4300000)
 Metaspace       used 33579K, capacity 35410K, committed 35496K, reserved 1081344K
  class space    used 3155K, capacity 3837K, committed 3840K, reserved 1048576K
}
Event: 148.519 GC heap before
{Heap before GC invocations=13 (full 2):
 PSYoungGen      total 23040K, used 432K [0x00000000eab00000, 0x00000000eca00000, 0x0000000100000000)
  eden space 22528K, 0% used [0x00000000eab00000,0x00000000eab00000,0x00000000ec100000)
  from space 512K, 84% used [0x00000000ec300000,0x00000000ec36c218,0x00000000ec380000)
  to   space 2560K, 0% used [0x00000000ec780000,0x00000000ec780000,0x00000000eca00000)
 ParOldGen       total 68608K, used 24516K [0x00000000c0000000, 0x00000000c4300000, 0x00000000eab00000)
  object space 68608K, 35% used [0x00000000c0000000,0x00000000c17f1360,0x00000000c4300000)
 Metaspace       used 33579K, capacity 35410K, committed 35496K, reserved 1081344K
  class space    used 3155K, capacity 3837K, committed 3840K, reserved 1048576K
}
Event: 149.073 GC heap after
{Heap after GC invocations=13 (full 2):
 PSYoungGen      total 23040K, used 0K [0x00000000eab00000, 0x00000000eca00000, 0x0000000100000000)
  eden space 22528K, 0% used [0x00000000eab00000,0x00000000eab00000,0x00000000ec100000)
  from space 512K, 0% used [0x00000000ec300000,0x00000000ec300000,0x00000000ec380000)
  to   space 2560K, 0% used [0x00000000ec780000,0x00000000ec780000,0x00000000eca00000)
 ParOldGen       total 68608K, used 24524K [0x00000000c0000000, 0x00000000c4300000, 0x00000000eab00000)
  object space 68608K, 35% used [0x00000000c0000000,0x00000000c17f3218,0x00000000c4300000)
 Metaspace       used 33579K, capacity 35410K, committed 35496K, reserved 1081344K
  class space    used 3155K, capacity 3837K, committed 3840K, reserved 1048576K
}

Deoptimization events (10 events):
Event: 16.698 Thread 0x000002435a768000 Uncommon trap: reason=predicate action=maybe_recompile pc=0x000002434eb8df74 method=java.lang.PublicMethods$MethodList.filter([Ljava/lang/reflect/Method;Ljava/lang/String;[Ljava/lang/Class;Z)Ljava/lang/PublicMethods$MethodList; @ 21 c2
Event: 145.626 Thread 0x000002435a768000 Uncommon trap: reason=bimorphic_or_optimized_type_check action=maybe_recompile pc=0x000002434eba72dc method=java.util.stream.Sink$ChainedReference.cancellationRequested()Z @ 4 c2
Event: 145.626 Thread 0x000002435a768000 Uncommon trap: reason=class_check action=maybe_recompile pc=0x000002434ebc0164 method=java.util.ArrayList$ArrayListSpliterator.tryAdvance(Ljava/util/function/Consumer;)Z @ 48 c2
Event: 145.626 Thread 0x000002435a768000 Uncommon trap: reason=bimorphic_or_optimized_type_check action=maybe_recompile pc=0x000002434eba72dc method=java.util.stream.Sink$ChainedReference.cancellationRequested()Z @ 4 c2
Event: 146.984 Thread 0x000002435a768000 Uncommon trap: reason=profile_predicate action=maybe_recompile pc=0x000002434ec17c1c method=java.util.TreeMap.getEntryUsingComparator(Ljava/lang/Object;)Ljava/util/TreeMap$Entry; @ 19 c2
Event: 146.985 Thread 0x000002435a768000 Uncommon trap: reason=profile_predicate action=maybe_recompile pc=0x000002434ec17c1c method=java.util.TreeMap.getEntryUsingComparator(Ljava/lang/Object;)Ljava/util/TreeMap$Entry; @ 19 c2
Event: 146.988 Thread 0x000002435a768000 Uncommon trap: reason=profile_predicate action=maybe_recompile pc=0x000002434ec17c1c method=java.util.TreeMap.getEntryUsingComparator(Ljava/lang/Object;)Ljava/util/TreeMap$Entry; @ 19 c2
Event: 146.990 Thread 0x000002435a768000 Uncommon trap: reason=profile_predicate action=maybe_recompile pc=0x000002434ec17c1c method=java.util.TreeMap.getEntryUsingComparator(Ljava/lang/Object;)Ljava/util/TreeMap$Entry; @ 19 c2
Event: 147.007 Thread 0x000002435a768000 Uncommon trap: reason=unstable_if action=reinterpret pc=0x000002434eb903cc method=java.util.Properties.load0(Ljava/util/Properties$LineReader;)V @ 145 c2
Event: 148.236 Thread 0x000002435a768000 Uncommon trap: reason=unstable_if action=reinterpret pc=0x000002434eb6c61c method=java.util.Properties$LineReader.readLine()I @ 445 c2

Classes redefined (0 events):
No events

Internal exceptions (10 events):
Event: 146.062 Thread 0x000002435a768000 Exception <a 'java/io/FileNotFoundException'{0x00000000ebe16a28}> (0x00000000ebe16a28) thrown at [t:/workspace/open/src/hotspot/share/prims/jni.cpp, line 615]
Event: 146.158 Thread 0x000002435a768000 Exception <a 'java/io/FileNotFoundException'{0x00000000ebe2a028}> (0x00000000ebe2a028) thrown at [t:/workspace/open/src/hotspot/share/prims/jni.cpp, line 615]
Event: 146.170 Thread 0x000002435a768000 Exception <a 'sun/nio/fs/WindowsException'{0x00000000ebe320e8}> (0x00000000ebe320e8) thrown at [t:/workspace/open/src/hotspot/share/prims/jni.cpp, line 615]
Event: 146.254 Thread 0x000002435a768000 Exception <a 'sun/nio/fs/WindowsException'{0x00000000ebe52630}> (0x00000000ebe52630) thrown at [t:/workspace/open/src/hotspot/share/prims/jni.cpp, line 615]
Event: 146.398 Thread 0x000002435a768000 Exception <a 'sun/nio/fs/WindowsException'{0x00000000ebe6ab20}> (0x00000000ebe6ab20) thrown at [t:/workspace/open/src/hotspot/share/prims/jni.cpp, line 615]
Event: 146.897 Thread 0x000002435a768000 Exception <a 'sun/nio/fs/WindowsException'{0x00000000ebec0a20}> (0x00000000ebec0a20) thrown at [t:/workspace/open/src/hotspot/share/prims/jni.cpp, line 615]
Event: 146.966 Thread 0x000002435a768000 Exception <a 'sun/nio/fs/WindowsException'{0x00000000ebee2010}> (0x00000000ebee2010) thrown at [t:/workspace/open/src/hotspot/share/prims/jni.cpp, line 615]
Event: 147.075 Thread 0x000002435a768000 Exception <a 'java/io/FileNotFoundException'{0x00000000ebf2dcc8}> (0x00000000ebf2dcc8) thrown at [t:/workspace/open/src/hotspot/share/prims/jni.cpp, line 615]
Event: 147.602 Thread 0x000002435a768000 Exception <a 'java/io/FileNotFoundException'{0x00000000ebf6be40}> (0x00000000ebf6be40) thrown at [t:/workspace/open/src/hotspot/share/prims/jni.cpp, line 615]
Event: 147.629 Thread 0x000002435a768000 Exception <a 'java/io/FileNotFoundException'{0x00000000ebfab168}> (0x00000000ebfab168) thrown at [t:/workspace/open/src/hotspot/share/prims/jni.cpp, line 615]

Events (10 events):
Event: 148.249 Thread 0x000002435a768000 DEOPT PACKING pc=0x0000024347c42e26 sp=0x0000008aa63fd100
Event: 148.249 Thread 0x000002435a768000 DEOPT UNPACKING pc=0x0000024347037fce sp=0x0000008aa63fc5e0 mode 0
Event: 148.250 loading class org/eclipse/jdt/internal/compiler/problem/messages_pt
Event: 148.250 loading class org/eclipse/jdt/internal/compiler/problem/messages_pt done
Event: 148.251 loading class org/eclipse/jdt/internal/compiler/problem/messages_pt_BR
Event: 148.251 loading class org/eclipse/jdt/internal/compiler/problem/messages_pt_BR done
Event: 148.483 Executing VM operation: Deoptimize
Event: 148.484 Executing VM operation: Deoptimize done
Event: 148.502 Executing VM operation: CollectForMetadataAllocation
Event: 149.073 Executing VM operation: CollectForMetadataAllocation done


Dynamic libraries:
0x00007ff7de270000 - 0x00007ff7de2b5000 	C:\Program Files\Java\jdk-11.0.2\bin\java.exe
0x00007ffdbaf30000 - 0x00007ffdbb125000 	C:\WINDOWS\SYSTEM32\ntdll.dll
0x00007ffd85c30000 - 0x00007ffd85c43000 	C:\Program Files\AVAST Software\Avast\aswhook.dll
0x00007ffdb9860000 - 0x00007ffdb991d000 	C:\WINDOWS\System32\KERNEL32.DLL
0x00007ffdb8800000 - 0x00007ffdb8ac8000 	C:\WINDOWS\System32\KERNELBASE.dll
0x00007ffdba030000 - 0x00007ffdba1d0000 	C:\WINDOWS\System32\USER32.dll
0x00007ffdb8b20000 - 0x00007ffdb8b42000 	C:\WINDOWS\System32\win32u.dll
0x00007ffdb94b0000 - 0x00007ffdb94da000 	C:\WINDOWS\System32\GDI32.dll
0x00007ffdb8d50000 - 0x00007ffdb8e5b000 	C:\WINDOWS\System32\gdi32full.dll
0x00007ffdb8cb0000 - 0x00007ffdb8d4d000 	C:\WINDOWS\System32\msvcp_win.dll
0x00007ffdb86a0000 - 0x00007ffdb87a0000 	C:\WINDOWS\System32\ucrtbase.dll
0x00007ffda9fe0000 - 0x00007ffdaa27a000 	C:\WINDOWS\WinSxS\amd64_microsoft.windows.common-controls_6595b64144ccf1df_6.0.19041.1052_none_60b8f8fd71f5e8cb\COMCTL32.dll
0x00007ffdba640000 - 0x00007ffdba6de000 	C:\WINDOWS\System32\msvcrt.dll
0x00007ffdb9f50000 - 0x00007ffdb9f80000 	C:\WINDOWS\System32\IMM32.DLL
0x00007ffda2450000 - 0x00007ffda2466000 	C:\Program Files\Java\jdk-11.0.2\bin\vcruntime140.dll
0x00007ffd7bc90000 - 0x00007ffd7bd3a000 	C:\Program Files\Java\jdk-11.0.2\bin\msvcp140.dll
0x00007ffd2eb70000 - 0x00007ffd2f693000 	C:\Program Files\Java\jdk-11.0.2\bin\server\jvm.dll
0x00007ffdb9400000 - 0x00007ffdb94ac000 	C:\WINDOWS\System32\ADVAPI32.dll
0x00007ffdb94e0000 - 0x00007ffdb957b000 	C:\WINDOWS\System32\sechost.dll
0x00007ffdb9730000 - 0x00007ffdb985b000 	C:\WINDOWS\System32\RPCRT4.dll
0x00007ffdb9580000 - 0x00007ffdb9588000 	C:\WINDOWS\System32\PSAPI.DLL
0x00007ffdafee0000 - 0x00007ffdafeea000 	C:\WINDOWS\SYSTEM32\VERSION.dll
0x00007ffdafe50000 - 0x00007ffdafe77000 	C:\WINDOWS\SYSTEM32\WINMM.dll
0x00007ffda63d0000 - 0x00007ffda63d9000 	C:\WINDOWS\SYSTEM32\WSOCK32.dll
0x00007ffdb9920000 - 0x00007ffdb998b000 	C:\WINDOWS\System32\WS2_32.dll
0x00007ffdb6f70000 - 0x00007ffdb6f82000 	C:\WINDOWS\SYSTEM32\kernel.appcore.dll
0x00007ffda12a0000 - 0x00007ffda12b1000 	C:\Program Files\Java\jdk-11.0.2\bin\verify.dll
0x00007ffdb6d20000 - 0x00007ffdb6f04000 	C:\WINDOWS\SYSTEM32\DBGHELP.DLL
0x00007ffdaea80000 - 0x00007ffdaeaac000 	C:\WINDOWS\SYSTEM32\dbgcore.DLL
0x00007ffdb8f10000 - 0x00007ffdb8f93000 	C:\WINDOWS\System32\bcryptPrimitives.dll
0x00007ffd9d3a0000 - 0x00007ffd9d3c8000 	C:\Program Files\Java\jdk-11.0.2\bin\java.dll
0x00007ffd9d380000 - 0x00007ffd9d396000 	C:\Program Files\Java\jdk-11.0.2\bin\zip.dll
0x00007ffdb2860000 - 0x00007ffdb286a000 	C:\Program Files\Java\jdk-11.0.2\bin\jimage.dll
0x00007ffdba6e0000 - 0x00007ffdbae1f000 	C:\WINDOWS\System32\SHELL32.dll
0x00007ffdb64d0000 - 0x00007ffdb6c60000 	C:\WINDOWS\SYSTEM32\windows.storage.dll
0x00007ffdb9bf0000 - 0x00007ffdb9f45000 	C:\WINDOWS\System32\combase.dll
0x00007ffdb8000000 - 0x00007ffdb802c000 	C:\WINDOWS\SYSTEM32\Wldp.dll
0x00007ffdb9f80000 - 0x00007ffdba02e000 	C:\WINDOWS\System32\SHCORE.dll
0x00007ffdbae30000 - 0x00007ffdbae85000 	C:\WINDOWS\System32\shlwapi.dll
0x00007ffdb85b0000 - 0x00007ffdb85cf000 	C:\WINDOWS\SYSTEM32\profapi.dll
0x00007ffd941d0000 - 0x00007ffd941e9000 	C:\Program Files\Java\jdk-11.0.2\bin\net.dll
0x00007ffda9880000 - 0x00007ffda998b000 	C:\WINDOWS\SYSTEM32\WINHTTP.dll
0x00007ffdab340000 - 0x00007ffdab52c000 	C:\WINDOWS\SYSTEM32\urlmon.dll
0x00007ffdae7b0000 - 0x00007ffdaea60000 	C:\WINDOWS\SYSTEM32\iertutil.dll
0x00007ffdb7d80000 - 0x00007ffdb7dea000 	C:\WINDOWS\system32\mswsock.dll
0x00007ffd941b0000 - 0x00007ffd941c3000 	C:\Program Files\Java\jdk-11.0.2\bin\nio.dll
0x00007ffdb7f50000 - 0x00007ffdb7f68000 	C:\WINDOWS\SYSTEM32\CRYPTSP.dll
0x00007ffdb7720000 - 0x00007ffdb7754000 	C:\WINDOWS\system32\rsaenh.dll
0x00007ffdb8670000 - 0x00007ffdb8697000 	C:\WINDOWS\System32\bcrypt.dll
0x00007ffdb8570000 - 0x00007ffdb859e000 	C:\WINDOWS\SYSTEM32\USERENV.dll
0x00007ffdb83f0000 - 0x00007ffdb83fc000 	C:\WINDOWS\SYSTEM32\CRYPTBASE.dll
0x00007ffdb7a70000 - 0x00007ffdb7aab000 	C:\WINDOWS\SYSTEM32\IPHLPAPI.DLL
0x00007ffdbae20000 - 0x00007ffdbae28000 	C:\WINDOWS\System32\NSI.dll
0x00007ffdafcb0000 - 0x00007ffdafcc7000 	C:\WINDOWS\SYSTEM32\dhcpcsvc6.DLL
0x00007ffdafd80000 - 0x00007ffdafd9d000 	C:\WINDOWS\SYSTEM32\dhcpcsvc.DLL
0x00007ffdb7ab0000 - 0x00007ffdb7b7c000 	C:\WINDOWS\SYSTEM32\DNSAPI.dll
0x00007ffda3730000 - 0x00007ffda3759000 	C:\Users\Hp\AppData\Roaming\Code\User\globalStorage\redhat.java\0.79.1\config_ss_win\org.eclipse.equinox.launcher\org.eclipse.equinox.launcher.win32.win32.x86_64_1.2.200.v20210406-1409\eclipse_11401.dll
0x00007ffd8f880000 - 0x00007ffd8f891000 	C:\Users\Hp\AppData\Roaming\Code\User\globalStorage\redhat.java\0.79.1\config_ss_win\org.eclipse.osgi\16\0\.cp\jWinHttp-1.0.0.dll
0x00007ffdb9130000 - 0x00007ffdb925a000 	C:\WINDOWS\System32\ole32.dll

dbghelp: loaded successfully - version: 4.0.5 - missing functions: none
symbol engine: initialized successfully - sym options: 0x614 - pdb path: .;C:\Program Files\Java\jdk-11.0.2\bin;C:\WINDOWS\SYSTEM32;C:\Program Files\AVAST Software\Avast;C:\WINDOWS\WinSxS\amd64_microsoft.windows.common-controls_6595b64144ccf1df_6.0.19041.1052_none_60b8f8fd71f5e8cb;C:\Program Files\Java\jdk-11.0.2\bin\server;C:\Users\Hp\AppData\Roaming\Code\User\globalStorage\redhat.java\0.79.1\config_ss_win\org.eclipse.equinox.launcher\org.eclipse.equinox.launcher.win32.win32.x86_64_1.2.200.v20210406-1409;C:\Users\Hp\AppData\Roaming\Code\User\globalStorage\redhat.java\0.79.1\config_ss_win\org.eclipse.osgi\16\0\.cp

VM Arguments:
jvm_args: --add-modules=ALL-SYSTEM --add-opens=java.base/java.util=ALL-UNNAMED --add-opens=java.base/java.lang=ALL-UNNAMED -Declipse.application=org.eclipse.jdt.ls.core.id1 -Dosgi.bundles.defaultStartLevel=4 -Declipse.product=org.eclipse.jdt.ls.core.product -Dfile.encoding=utf8 -DwatchParentProcess=false -XX:+UseParallelGC -XX:GCTimeRatio=4 -XX:AdaptiveSizePolicyWeight=90 -Dsun.zip.disableMemoryMapping=true -Xmx1G -Xms100m -Xverify:none 
java_command: c:\Users\Hp\.vscode\extensions\redhat.java-0.79.1\server\plugins\org.eclipse.equinox.launcher_1.6.100.v20201223-0822.jar -configuration c:\Users\Hp\AppData\Roaming\Code\User\globalStorage\redhat.java\0.79.1\config_ss_win -data c:\Users\Hp\AppData\Roaming\Code\User\workspaceStorage\528d2fe884e74f957c96a5664838e5d2\redhat.java\ss_ws
java_class_path (initial): c:\Users\Hp\.vscode\extensions\redhat.java-0.79.1\server\plugins\org.eclipse.equinox.launcher_1.6.100.v20201223-0822.jar
Launcher Type: SUN_STANDARD

[Global flags]
    uintx AdaptiveSizePolicyWeight                 = 90                                        {product} {command line}
     bool BytecodeVerificationLocal                = false                                     {product} {command line}
     bool BytecodeVerificationRemote               = false                                     {product} {command line}
     intx CICompilerCount                          = 3                                         {product} {ergonomic}
    uintx GCTimeRatio                              = 4                                         {product} {command line}
   size_t InitialHeapSize                          = 104857600                                 {product} {command line}
   size_t MaxHeapSize                              = 1073741824                                {product} {command line}
   size_t MaxNewSize                               = 357564416                                 {product} {ergonomic}
   size_t MinHeapDeltaBytes                        = 524288                                    {product} {ergonomic}
   size_t NewSize                                  = 34603008                                  {product} {ergonomic}
    uintx NonNMethodCodeHeapSize                   = 5830092                                {pd product} {ergonomic}
    uintx NonProfiledCodeHeapSize                  = 122914074                              {pd product} {ergonomic}
   size_t OldSize                                  = 70254592                                  {product} {ergonomic}
    uintx ProfiledCodeHeapSize                     = 122914074                              {pd product} {ergonomic}
    uintx ReservedCodeCacheSize                    = 251658240                              {pd product} {ergonomic}
     bool SegmentedCodeCache                       = true                                      {product} {ergonomic}
     bool UseCompressedClassPointers               = true                                 {lp64_product} {ergonomic}
     bool UseCompressedOops                        = true                                 {lp64_product} {ergonomic}
     bool UseLargePagesIndividualAllocation        = false                                  {pd product} {ergonomic}
     bool UseParallelGC                            = true                                      {product} {command line}

Logging:
Log output configuration:
 #0: stdout all=warning uptime,level,tags
 #1: stderr all=off uptime,level,tags

Environment Variables:
JAVA_HOME=C:\Program Files\Java\jdk-11.0.2
PATH=C:\Users\Hp\bin;C:\Program Files\Git\mingw64\bin;C:\Program Files\Git\usr\local\bin;C:\Program Files\Git\usr\bin;C:\Program Files\Git\usr\bin;C:\Program Files\Git\mingw64\bin;C:\Program Files\Git\usr\bin;C:\Users\Hp\bin;C:\WINDOWS\system32;C:\WINDOWS;C:\WINDOWS\System32\Wbem;C:\WINDOWS\System32\WindowsPowerShell\v1.0;C:\WINDOWS\System32\OpenSSH;C:\Program Files\Git\cmd;C:\Program Files\Java\jdk-11.0.2\bin;C:\Program Files\nodejs;C:\Program Files\dotnet;C:\Program Files\Microsoft SQL Server\130\Tools\Binn;C:\Program Files\Microsoft SQL Server\Client SDK\ODBC\170\Tools\Binn;C:\Program Files (x86)\Microsoft SQL Server\150\Tools\Binn;C:\Program Files\Microsoft SQL Server\150\Tools\Binn;C:\Program Files\Microsoft SQL Server\150\DTS\Binn;C:\Program Files (x86)\Microsoft SQL Server\150\DTS\Binn;C:\Program Files\Azure Data Studio\bin;C:\Program Files\MySQL\MySQL Shell 8.0\bin;C:\Users\Hp\AppData\Local\Microsoft\WindowsApps;C:\Program Files\heroku\bin;C:\Users\Hp\AppData\Roaming\npm;C:\Users\Hp\AppData\Local\Programs\Microsoft VS Code\bin;C:\Users\Hp\.dotnet\tools;C:\Program Files\Azure Data Studio\bin;C:\Program Files\Git\usr\bin\vendor_perl;C:\Program Files\Git\usr\bin\core_perl
USERNAME=Hp
SHELL=C:\Program Files\Git\usr\bin\bash.exe
DISPLAY=needs-to-be-defined
OS=Windows_NT
PROCESSOR_IDENTIFIER=AMD64 Family 22 Model 48 Stepping 1, AuthenticAMD



---------------  S Y S T E M  ---------------

OS: Windows 10 , 64 bit Build 19041 (10.0.19041.1023)

CPU:total 4 (initial active 4) (4 cores per cpu, 1 threads per core) family 22 model 48 stepping 1, cmov, cx8, fxsr, mmx, sse, sse2, sse3, ssse3, sse4.1, sse4.2, popcnt, avx, aes, clmul, mmxext, 3dnowpref, lzcnt, sse4a, tsc, tscinvbit, tscinv, bmi1

Memory: 4k page, system-wide physical 3521M (235M free)
TotalPageFile size 8184M (AvailPageFile size 1211M)
current process WorkingSet (physical memory assigned to process): 144M, peak: 145M
current process commit charge ("private bytes"): 225M, peak: 240M

vm_info: OpenJDK 64-Bit Server VM (11.0.2+9) for windows-amd64 JRE (11.0.2+9), built on Jan 18 2019 05:23:22 by "mach5one" with MS VC++ 15.5 (VS2017)

END.
